# JRE version: OpenJDK Runtime Environment (8.0_43-b03) (build 1.8.0_43-b03)
# Java VM: OpenJDK Client VM (25.40-b25 mixed mode windows-x86 )
Heap:
 def new generation   total 77056K, used 8225K [0x04c00000, 0x09f90000, 0x0a150000)
  eden space 68544K,  12% used [0x04c00000, 0x05408540, 0x08ef0000)
  from space 8512K,   0% used [0x09740000, 0x097400a0, 0x09f90000)
  to   space 8512K,   0% used [0x08ef0000, 0x08ef0000, 0x09740000)
 tenured generation   total 171052K, used 133878K [0x0a150000, 0x1485b000, 0x14c00000)
   the space 171052K,  78% used [0x0a150000, 0x1240d960, 0x1240da00, 0x1485b000)
 Metaspace       used 4949K, capacity 5633K, committed 5760K, reserved 6528K
GC Heap History (10 events):
Event: 10.387 GC heap before
{Heap before GC invocations=298 (full 3):
 def new generation   total 77056K, used 68544K [0x04c00000, 0x09f90000, 0x0a150000)
  eden space 68544K, 100% used [0x04c00000, 0x08ef0000, 0x08ef0000)
  from space 8512K,   0% used [0x08ef0000, 0x08ef0018, 0x09740000)
  to   space 8512K,   0% used [0x09740000, 0x09740000, 0x09f90000)
 tenured generation   total 171052K, used 133878K [0x0a150000, 0x1485b000, 0x14c00000)
   the space 171052K,  78% used [0x0a150000, 0x1240d960, 0x1240da00, 0x1485b000)
 Metaspace       used 4870K, capacity 5546K, committed 5632K, reserved 6528K
Event: 10.387 GC heap after
Heap after GC invocations=299 (full 3):
 def new generation   total 77056K, used 0K [0x04c00000, 0x09f90000, 0x0a150000)
  eden space 68544K,   0% used [0x04c00000, 0x04c00000, 0x08ef0000)
  from space 8512K,   0% used [0x09740000, 0x09740050, 0x09f90000)
  to   space 8512K,   0% used [0x08ef0000, 0x08ef0000, 0x09740000)
 tenured generation   total 171052K, used 133878K [0x0a150000, 0x1485b000, 0x14c00000)
   the space 171052K,  78% used [0x0a150000, 0x1240d960, 0x1240da00, 0x1485b000)
 Metaspace       used 4870K, capacity 5546K, committed 5632K, reserved 6528K
}
Event: 10.482 GC heap before
{Heap before GC invocations=299 (full 3):
 def new generation   total 77056K, used 68544K [0x04c00000, 0x09f90000, 0x0a150000)
  eden space 68544K, 100% used [0x04c00000, 0x08ef0000, 0x08ef0000)
  from space 8512K,   0% used [0x09740000, 0x09740050, 0x09f90000)
  to   space 8512K,   0% used [0x08ef0000, 0x08ef0000, 0x09740000)
 tenured generation   total 171052K, used 133878K [0x0a150000, 0x1485b000, 0x14c00000)
   the space 171052K,  78% used [0x0a150000, 0x1240d960, 0x1240da00, 0x1485b000)
 Metaspace       used 4870K, capacity 5546K, committed 5632K, reserved 6528K
Event: 10.483 GC heap after
Heap after GC invocations=300 (full 3):
 def new generation   total 77056K, used 0K [0x04c00000, 0x09f90000, 0x0a150000)
  eden space 68544K,   0% used [0x04c00000, 0x04c00000, 0x08ef0000)
  from space 8512K,   0% used [0x08ef0000, 0x08ef00a0, 0x09740000)
  to   space 8512K,   0% used [0x09740000, 0x09740000, 0x09f90000)
 tenured generation   total 171052K, used 133878K [0x0a150000, 0x1485b000, 0x14c00000)
   the space 171052K,  78% used [0x0a150000, 0x1240d960, 0x1240da00, 0x1485b000)
 Metaspace       used 4870K, capacity 5546K, committed 5632K, reserved 6528K
}
Event: 10.577 GC heap before
{Heap before GC invocations=300 (full 3):
 def new generation   total 77056K, used 68544K [0x04c00000, 0x09f90000, 0x0a150000)
  eden space 68544K, 100% used [0x04c00000, 0x08ef0000, 0x08ef0000)
  from space 8512K,   0% used [0x08ef0000, 0x08ef00a0, 0x09740000)
  to   space 8512K,   0% used [0x09740000, 0x09740000, 0x09f90000)
 tenured generation   total 171052K, used 133878K [0x0a150000, 0x1485b000, 0x14c00000)
   the space 171052K,  78% used [0x0a150000, 0x1240d960, 0x1240da00, 0x1485b000)
 Metaspace       used 4870K, capacity 5546K, committed 5632K, reserved 6528K
Event: 10.578 GC heap after
Heap after GC invocations=301 (full 3):
 def new generation   total 77056K, used 0K [0x04c00000, 0x09f90000, 0x0a150000)
  eden space 68544K,   0% used [0x04c00000, 0x04c00000, 0x08ef0000)
  from space 8512K,   0% used [0x09740000, 0x09740018, 0x09f90000)
  to   space 8512K,   0% used [0x08ef0000, 0x08ef0000, 0x09740000)
 tenured generation   total 171052K, used 133878K [0x0a150000, 0x1485b000, 0x14c00000)
   the space 171052K,  78% used [0x0a150000, 0x1240d960, 0x1240da00, 0x1485b000)
 Metaspace       used 4870K, capacity 5546K, committed 5632K, reserved 6528K
}
Event: 10.671 GC heap before
{Heap before GC invocations=301 (full 3):
 def new generation   total 77056K, used 68544K [0x04c00000, 0x09f90000, 0x0a150000)
  eden space 68544K, 100% used [0x04c00000, 0x08ef0000, 0x08ef0000)
  from space 8512K,   0% used [0x09740000, 0x09740018, 0x09f90000)
  to   space 8512K,   0% used [0x08ef0000, 0x08ef0000, 0x09740000)
 tenured generation   total 171052K, used 133878K [0x0a150000, 0x1485b000, 0x14c00000)
   the space 171052K,  78% used [0x0a150000, 0x1240d960, 0x1240da00, 0x1485b000)
 Metaspace       used 4870K, capacity 5546K, committed 5632K, reserved 6528K
Event: 10.672 GC heap after
Heap after GC invocations=302 (full 3):
 def new generation   total 77056K, used 0K [0x04c00000, 0x09f90000, 0x0a150000)
  eden space 68544K,   0% used [0x04c00000, 0x04c00000, 0x08ef0000)
  from space 8512K,   0% used [0x08ef0000, 0x08ef0050, 0x09740000)
  to   space 8512K,   0% used [0x09740000, 0x09740000, 0x09f90000)
 tenured generation   total 171052K, used 133878K [0x0a150000, 0x1485b000, 0x14c00000)
   the space 171052K,  78% used [0x0a150000, 0x1240d960, 0x1240da00, 0x1485b000)
 Metaspace       used 4870K, capacity 5546K, committed 5632K, reserved 6528K
}
Event: 10.763 GC heap before
{Heap before GC invocations=302 (full 3):
 def new generation   total 77056K, used 68544K [0x04c00000, 0x09f90000, 0x0a150000)
  eden space 68544K, 100% used [0x04c00000, 0x08ef0000, 0x08ef0000)
  from space 8512K,   0% used [0x08ef0000, 0x08ef0050, 0x09740000)
  to   space 8512K,   0% used [0x09740000, 0x09740000, 0x09f90000)
 tenured generation   total 171052K, used 133878K [0x0a150000, 0x1485b000, 0x14c00000)
   the space 171052K,  78% used [0x0a150000, 0x1240d960, 0x1240da00, 0x1485b000)
 Metaspace       used 4870K, capacity 5546K, committed 5632K, reserved 6528K
Event: 10.763 GC heap after
Heap after GC invocations=303 (full 3):
 def new generation   total 77056K, used 0K [0x04c00000, 0x09f90000, 0x0a150000)
  eden space 68544K,   0% used [0x04c00000, 0x04c00000, 0x08ef0000)
  from space 8512K,   0% used [0x09740000, 0x097400a0, 0x09f90000)
  to   space 8512K,   0% used [0x08ef0000, 0x08ef0000, 0x09740000)
 tenured generation   total 171052K, used 133878K [0x0a150000, 0x1485b000, 0x14c00000)
   the space 171052K,  78% used [0x0a150000, 0x1240d960, 0x1240da00, 0x1485b000)
 Metaspace       used 4870K, capacity 5546K, committed 5632K, reserved 6528K
}

